<?xml version="1.0" encoding="UTF-8"?>
<testng-results skipped="0" failed="0" ignored="0" total="1" passed="1">
  <reporter-output>
  </reporter-output>
  <suite name="NewTest" duration-ms="9478" started-at="2019-09-27T08:27:36Z" finished-at="2019-09-27T08:27:46Z">
    <groups>
    </groups>
    <test name="Command line test" duration-ms="9478" started-at="2019-09-27T08:27:36Z" finished-at="2019-09-27T08:27:46Z">
      <class name="NewTest">
        <test-method status="PASS" signature="test1()[pri:0, instance:NewTest@511baa65]" name="test1" duration-ms="9431" started-at="2019-09-27T08:27:36Z" finished-at="2019-09-27T08:27:46Z">
          <reporter-output>
          </reporter-output>
        </test-method> <!-- test1 -->
      </class> <!-- NewTest -->
    </test> <!-- Command line test -->
  </suite> <!-- NewTest -->
</testng-results>
